<?xml version="1.0" encoding="UTF-8"?>
<!-- Generated by org.testng.reporters.JUnitXMLReporter -->
<testsuite ignored="0" hostname="dioboye" failures="0" tests="3" name="Default test" time="10.917" errors="0" timestamp="2024-02-17T17:51:27 IST">
  <testcase classname="com.OrangeHRMApplicationPagesTests.LogInPageTest" name="orangeHRMApplicationLogInPage_logInPannelTextTest" time="0.082"/>
  <testcase classname="com.OrangeHRMApplicationPagesTests.LogInPageTest" name="orangeHRMApplicationLogInPage_LogoValidationTest" time="0.088"/>
  <testcase classname="com.OrangeHRMApplicationPagesTests.LogInPageTest" name="orangeHRMApplicationLogInPage_LogInTest" time="1.846"/>
</testsuite> <!-- Default test -->
