<?xml version="1.0" encoding="UTF-8"?>
<testng-results ignored="0" total="16" passed="16" failed="0" skipped="0">
  <reporter-output>
  </reporter-output>
  <suite started-at="2024-02-14T15:45:44 IST" name="OrangeHRMApplication" finished-at="2024-02-14T15:46:15 IST" duration-ms="30034">
    <groups>
    </groups>
    <test started-at="2024-02-14T15:45:44 IST" name="OrangeHRM_Properties" finished-at="2024-02-14T15:45:57 IST" duration-ms="12709">
      <class name="com.config.OrangeHRM_Properties">
        <test-method is-config="true" signature="applicationLaunch()[pri:0, instance:com.config.OrangeHRM_Properties@2c35e847]" started-at="2024-02-14T15:45:44 IST" name="applicationLaunch" finished-at="2024-02-14T15:45:48 IST" duration-ms="3210" status="PASS">
          <reporter-output>
          </reporter-output>
        </test-method> <!-- applicationLaunch -->
        <test-method signature="logInPageTest()[pri:1, instance:com.config.OrangeHRM_Properties@2c35e847]" started-at="2024-02-14T15:45:48 IST" name="logInPageTest" description="Validating OrangeHRM Application LogIn WebPage" finished-at="2024-02-14T15:45:48 IST" duration-ms="61" status="PASS">
          <reporter-output>
          </reporter-output>
        </test-method> <!-- logInPageTest -->
        <test-method signature="logInTest()[pri:2, instance:com.config.OrangeHRM_Properties@2c35e847]" started-at="2024-02-14T15:45:48 IST" name="logInTest" description="Validating OrangeHRM Application LogIn Functionality" finished-at="2024-02-14T15:45:50 IST" duration-ms="2366" status="PASS">
          <reporter-output>
          </reporter-output>
        </test-method> <!-- logInTest -->
        <test-method signature="homePageTest()[pri:3, instance:com.config.OrangeHRM_Properties@2c35e847]" started-at="2024-02-14T15:45:50 IST" name="homePageTest" description="Validating OrangeHRM Application HomePage WebPage" finished-at="2024-02-14T15:45:50 IST" duration-ms="273" status="PASS">
          <reporter-output>
          </reporter-output>
        </test-method> <!-- homePageTest -->
        <test-method signature="logOutTest()[pri:4, instance:com.config.OrangeHRM_Properties@2c35e847]" started-at="2024-02-14T15:45:50 IST" name="logOutTest" description="Validating OrangeHRM Application LogOut Functionality" finished-at="2024-02-14T15:45:56 IST" duration-ms="5879" status="PASS">
          <reporter-output>
          </reporter-output>
        </test-method> <!-- logOutTest -->
        <test-method is-config="true" signature="applicationClose()[pri:0, instance:com.config.OrangeHRM_Properties@2c35e847]" started-at="2024-02-14T15:45:56 IST" name="applicationClose" finished-at="2024-02-14T15:45:57 IST" duration-ms="871" status="PASS">
          <reporter-output>
          </reporter-output>
        </test-method> <!-- applicationClose -->
      </class> <!-- com.config.OrangeHRM_Properties -->
    </test> <!-- OrangeHRM_Properties -->
    <test started-at="2024-02-14T15:45:44 IST" name="OrangeHRMApplication_AutoIT_excel" finished-at="2024-02-14T15:46:15 IST" duration-ms="30034">
      <class name="com.OrangeEmployeeId.OrangeHRMApplication_AutoIT_excel">
        <test-method is-config="true" signature="applicationLaunch()[pri:0, instance:com.OrangeEmployeeId.OrangeHRMApplication_AutoIT_excel@506ae4d4]" started-at="2024-02-14T15:45:44 IST" name="applicationLaunch" finished-at="2024-02-14T15:45:48 IST" duration-ms="3210" status="PASS">
          <reporter-output>
          </reporter-output>
        </test-method> <!-- applicationLaunch -->
        <test-method signature="logInPageTest()[pri:1, instance:com.OrangeEmployeeId.OrangeHRMApplication_AutoIT_excel@506ae4d4]" started-at="2024-02-14T15:45:48 IST" name="logInPageTest" description="Validating OrangeHRM Application LogIn WebPage" finished-at="2024-02-14T15:45:48 IST" duration-ms="550" status="PASS">
          <reporter-output>
          </reporter-output>
        </test-method> <!-- logInPageTest -->
        <test-method signature="logInTest()[pri:2, instance:com.OrangeEmployeeId.OrangeHRMApplication_AutoIT_excel@506ae4d4]" started-at="2024-02-14T15:45:48 IST" name="logInTest" description="Validating OrangeHRM Application LogIn Functionality" finished-at="2024-02-14T15:45:52 IST" duration-ms="3951" status="PASS">
          <reporter-output>
          </reporter-output>
        </test-method> <!-- logInTest -->
        <test-method signature="homePageTest()[pri:3, instance:com.OrangeEmployeeId.OrangeHRMApplication_AutoIT_excel@506ae4d4]" started-at="2024-02-14T15:45:52 IST" name="homePageTest" description="Validating OrangeHRM Application HomePage WebPage" finished-at="2024-02-14T15:45:52 IST" duration-ms="51" status="PASS">
          <reporter-output>
          </reporter-output>
        </test-method> <!-- homePageTest -->
        <test-method signature="pimTest()[pri:4, instance:com.OrangeEmployeeId.OrangeHRMApplication_AutoIT_excel@506ae4d4]" started-at="2024-02-14T15:45:52 IST" name="pimTest" description="Validating OrangeHRM Application Home Page PIM Functionality " finished-at="2024-02-14T15:45:52 IST" duration-ms="164" status="PASS">
          <reporter-output>
          </reporter-output>
        </test-method> <!-- pimTest -->
        <test-method signature="pimAddEmployeeTest()[pri:5, instance:com.OrangeEmployeeId.OrangeHRMApplication_AutoIT_excel@506ae4d4]" started-at="2024-02-14T15:45:52 IST" name="pimAddEmployeeTest" description="Validating OrangeHRM Application Home Page PIM - AddEmployee Functionality " finished-at="2024-02-14T15:45:53 IST" duration-ms="665" status="PASS">
          <reporter-output>
          </reporter-output>
        </test-method> <!-- pimAddEmployeeTest -->
        <test-method signature="AddEmployeeWebPageTest()[pri:6, instance:com.OrangeEmployeeId.OrangeHRMApplication_AutoIT_excel@506ae4d4]" started-at="2024-02-14T15:45:53 IST" name="AddEmployeeWebPageTest" description="Validating OrangeHRM Application AddEmployee WebPage Test " finished-at="2024-02-14T15:45:53 IST" duration-ms="12" status="PASS">
          <reporter-output>
          </reporter-output>
        </test-method> <!-- AddEmployeeWebPageTest -->
        <test-method signature="AddEmployeeTest()[pri:7, instance:com.OrangeEmployeeId.OrangeHRMApplication_AutoIT_excel@506ae4d4]" started-at="2024-02-14T15:45:53 IST" name="AddEmployeeTest" description="Validating OrangeHRM Application AddEmployee Functionality  Test " finished-at="2024-02-14T15:46:05 IST" duration-ms="12191" status="PASS">
          <reporter-output>
          </reporter-output>
        </test-method> <!-- AddEmployeeTest -->
        <test-method signature="AddEmployee_TestFileds()[pri:8, instance:com.OrangeEmployeeId.OrangeHRMApplication_AutoIT_excel@506ae4d4]" started-at="2024-02-14T15:46:05 IST" name="AddEmployee_TestFileds" description="Validating OrangeHRM Application Add Employee WebPage Test Data Fileds  Test " finished-at="2024-02-14T15:46:05 IST" duration-ms="47" status="PASS">
          <reporter-output>
          </reporter-output>
        </test-method> <!-- AddEmployee_TestFileds -->
        <test-method signature="personalDetailsWebPageTest()[pri:9, instance:com.OrangeEmployeeId.OrangeHRMApplication_AutoIT_excel@506ae4d4]" started-at="2024-02-14T15:46:05 IST" name="personalDetailsWebPageTest" description="Validating OrangeHRM Application Personal Details WebPage  Test " finished-at="2024-02-14T15:46:05 IST" duration-ms="136" status="PASS">
          <reporter-output>
          </reporter-output>
        </test-method> <!-- personalDetailsWebPageTest -->
        <test-method signature="personalDetailsTest()[pri:10, instance:com.OrangeEmployeeId.OrangeHRMApplication_AutoIT_excel@506ae4d4]" started-at="2024-02-14T15:46:05 IST" name="personalDetailsTest" description="Validating OrangeHRM Application Personal Details Functionality Test " finished-at="2024-02-14T15:46:06 IST" duration-ms="45" status="PASS">
          <reporter-output>
          </reporter-output>
        </test-method> <!-- personalDetailsTest -->
        <test-method signature="Homepage_WelcomeAdmin()[pri:11, instance:com.OrangeEmployeeId.OrangeHRMApplication_AutoIT_excel@506ae4d4]" started-at="2024-02-14T15:46:06 IST" name="Homepage_WelcomeAdmin" description="Validating OrangeHRM Application Welcome Admin Functionality property" finished-at="2024-02-14T15:46:08 IST" duration-ms="2905" status="PASS">
          <reporter-output>
          </reporter-output>
        </test-method> <!-- Homepage_WelcomeAdmin -->
        <test-method signature="logInPage()[pri:12, instance:com.OrangeEmployeeId.OrangeHRMApplication_AutoIT_excel@506ae4d4]" started-at="2024-02-14T15:46:08 IST" name="logInPage" description="Validating OrangeHRM Application After click on LogOut the current webpage " finished-at="2024-02-14T15:46:14 IST" duration-ms="5123" status="PASS">
          <reporter-output>
          </reporter-output>
        </test-method> <!-- logInPage -->
        <test-method is-config="true" signature="applicationClose()[pri:0, instance:com.OrangeEmployeeId.OrangeHRMApplication_AutoIT_excel@506ae4d4]" started-at="2024-02-14T15:46:14 IST" name="applicationClose" finished-at="2024-02-14T15:46:15 IST" duration-ms="932" status="PASS">
          <reporter-output>
          </reporter-output>
        </test-method> <!-- applicationClose -->
      </class> <!-- com.OrangeEmployeeId.OrangeHRMApplication_AutoIT_excel -->
    </test> <!-- OrangeHRMApplication_AutoIT_excel -->
  </suite> <!-- OrangeHRMApplication -->
</testng-results>
