<?xml version="1.0" encoding="UTF-8"?>
<!-- Generated by org.testng.reporters.JUnitXMLReporter -->
<testsuite ignored="0" hostname="dioboye" failures="0" tests="4" name="OrangeHRM_Properties" time="12.709" errors="0" timestamp="2024-02-14T15:45:57 IST">
  <testcase classname="com.config.OrangeHRM_Properties" name="logInPageTest" time="0.061"/>
  <testcase classname="com.config.OrangeHRM_Properties" name="logInTest" time="2.366"/>
  <testcase classname="com.config.OrangeHRM_Properties" name="homePageTest" time="0.273"/>
  <testcase classname="com.config.OrangeHRM_Properties" name="logOutTest" time="5.879"/>
</testsuite> <!-- OrangeHRM_Properties -->
