<?xml version="1.0" encoding="UTF-8"?>
<!-- Generated by org.testng.reporters.JUnitXMLReporter -->
<testsuite ignored="0" hostname="dioboye" failures="0" tests="12" name="OrangeHRMApplication_AutoIT_excel" time="30.034" errors="0" timestamp="2024-02-14T15:46:15 IST">
  <testcase classname="com.OrangeEmployeeId.OrangeHRMApplication_AutoIT_excel" name="logInPageTest" time="0.55"/>
  <testcase classname="com.OrangeEmployeeId.OrangeHRMApplication_AutoIT_excel" name="logInTest" time="3.951"/>
  <testcase classname="com.OrangeEmployeeId.OrangeHRMApplication_AutoIT_excel" name="homePageTest" time="0.051"/>
  <testcase classname="com.OrangeEmployeeId.OrangeHRMApplication_AutoIT_excel" name="pimTest" time="0.164"/>
  <testcase classname="com.OrangeEmployeeId.OrangeHRMApplication_AutoIT_excel" name="pimAddEmployeeTest" time="0.665"/>
  <testcase classname="com.OrangeEmployeeId.OrangeHRMApplication_AutoIT_excel" name="AddEmployeeWebPageTest" time="0.012"/>
  <testcase classname="com.OrangeEmployeeId.OrangeHRMApplication_AutoIT_excel" name="AddEmployeeTest" time="12.191"/>
  <testcase classname="com.OrangeEmployeeId.OrangeHRMApplication_AutoIT_excel" name="AddEmployee_TestFileds" time="0.047"/>
  <testcase classname="com.OrangeEmployeeId.OrangeHRMApplication_AutoIT_excel" name="personalDetailsWebPageTest" time="0.136"/>
  <testcase classname="com.OrangeEmployeeId.OrangeHRMApplication_AutoIT_excel" name="personalDetailsTest" time="0.045"/>
  <testcase classname="com.OrangeEmployeeId.OrangeHRMApplication_AutoIT_excel" name="Homepage_WelcomeAdmin" time="2.905"/>
  <testcase classname="com.OrangeEmployeeId.OrangeHRMApplication_AutoIT_excel" name="logInPage" time="5.123"/>
</testsuite> <!-- OrangeHRMApplication_AutoIT_excel -->
