<?xml version="1.0" encoding="UTF-8"?>
<testng-results ignored="0" total="1" passed="1" failed="0" skipped="0">
  <reporter-output>
  </reporter-output>
  <suite started-at="2024-02-17T16:51:34 IST" name="Default suite" finished-at="2024-02-17T16:51:43 IST" duration-ms="8578">
    <groups>
    </groups>
    <test started-at="2024-02-17T16:51:34 IST" name="Default test" finished-at="2024-02-17T16:51:43 IST" duration-ms="8578">
      <class name="com.RadioButtonsTesting.sai">
        <test-method is-config="true" signature="setUp()[pri:0, instance:com.RadioButtonsTesting.sai@2767e23c]" started-at="2024-02-17T16:51:34 IST" name="setUp" finished-at="2024-02-17T16:51:41 IST" duration-ms="6522" status="PASS">
          <reporter-output>
          </reporter-output>
        </test-method> <!-- setUp -->
        <test-method signature="group1RadioButtonsTesting()[pri:0, instance:com.RadioButtonsTesting.sai@2767e23c]" started-at="2024-02-17T16:51:41 IST" name="group1RadioButtonsTesting" finished-at="2024-02-17T16:51:42 IST" duration-ms="1005" status="PASS">
          <reporter-output>
          </reporter-output>
        </test-method> <!-- group1RadioButtonsTesting -->
        <test-method is-config="true" signature="tearDown()[pri:0, instance:com.RadioButtonsTesting.sai@2767e23c]" started-at="2024-02-17T16:51:42 IST" name="tearDown" finished-at="2024-02-17T16:51:43 IST" duration-ms="1011" status="PASS">
          <reporter-output>
          </reporter-output>
        </test-method> <!-- tearDown -->
      </class> <!-- com.RadioButtonsTesting.sai -->
    </test> <!-- Default test -->
  </suite> <!-- Default suite -->
</testng-results>
